<?xml version="1.0" encoding="UTF-8" ?>
<testsuites name="vitest tests" tests="25" failures="0" errors="0" time="0.559175957">
    <testsuite name="src/App.test.jsx" timestamp="2026-05-02T07:12:13.542Z" hostname="peters-mbp.lan" tests="3" failures="0" errors="0" skipped="0" time="0.171310833">
        <testcase classname="src/App.test.jsx" name="App &gt; renders the application title and connects upon user action" time="0.131042375">
            <system-out>
[08:12:13] SUCCESS: Connected to Liferay.

[08:12:13] SUCCESS: WebSocket connected.

            </system-out>
            <system-err>
[08:12:13] WARNING: Unable to ping web socket.

[MSW] Warning: intercepted a WebSocket connection without a matching event handler:

  • ws://localhost:3001/

If you still wish to intercept this unhandled connection, please create an event handler for it.
Read more: https://mswjs.io/docs/websocket

Warning: Each child in a list should have a unique &quot;key&quot; prop.

Check the render method of `CommerceCard`. See https://reactjs.org/link/warning-keys for more information.
    at Option (/Volumes/SanDisk/repos/liferay-ai-commerce-accelerator/node_modules/@clayui/form/lib/esm/Select.js:23:5)
    at CommerceCard (/Volumes/SanDisk/repos/liferay-ai-commerce-accelerator/client-extensions/ai-commerce-accelerator-frontend/src/components/config/CommerceCard.jsx:15:3)
    at div
    at ApplicationConfigPanel (/Volumes/SanDisk/repos/liferay-ai-commerce-accelerator/client-extensions/ai-commerce-accelerator-frontend/src/components/config/ConfigurationPanel.jsx:13:3)
    at div
    at div
    at div
    at div
    at div
    at div
    at div
    at AppUI (/Volumes/SanDisk/repos/liferay-ai-commerce-accelerator/client-extensions/ai-commerce-accelerator-frontend/src/App.jsx:74:54)
    at div
    at AppProvider (/Volumes/SanDisk/repos/liferay-ai-commerce-accelerator/client-extensions/ai-commerce-accelerator-frontend/src/context/AppContext.jsx:18:3)
    at AppRoot (/Volumes/SanDisk/repos/liferay-ai-commerce-accelerator/client-extensions/ai-commerce-accelerator-frontend/src/App.jsx:615:28)

[MSW] Warning: intercepted a request without a matching request handler:

  • GET http://localhost:3001/api/v1/config/ai

If you still wish to intercept this unhandled request, please create a request handler for it.
Read more: https://mswjs.io/docs/http/intercepting-requests

            </system-err>
        </testcase>
        <testcase classname="src/App.test.jsx" name="App &gt; updates generation config when AI credentials are missing" time="0.029803708">
            <system-out>
[08:12:13] SUCCESS: Connected to Liferay (no AI).

[08:12:13] SUCCESS: WebSocket connected.

            </system-out>
            <system-err>
[08:12:13] WARNING: Unable to ping web socket.

[MSW] Warning: intercepted a WebSocket connection without a matching event handler:

  • ws://localhost:3001/

If you still wish to intercept this unhandled connection, please create an event handler for it.
Read more: https://mswjs.io/docs/websocket

[MSW] Warning: intercepted a request without a matching request handler:

  • GET http://localhost:3001/api/v1/config/ai

If you still wish to intercept this unhandled request, please create a request handler for it.
Read more: https://mswjs.io/docs/http/intercepting-requests

            </system-err>
        </testcase>
        <testcase classname="src/App.test.jsx" name="App &gt; renders the main sections" time="0.007113458">
        </testcase>
    </testsuite>
    <testsuite name="src/context/AppContext.test.jsx" timestamp="2026-05-02T07:12:13.544Z" hostname="peters-mbp.lan" tests="3" failures="0" errors="0" skipped="0" time="0.030559875">
        <testcase classname="src/context/AppContext.test.jsx" name="AppContext &gt; provides default config to children" time="0.015896458">
        </testcase>
        <testcase classname="src/context/AppContext.test.jsx" name="AppContext &gt; updates config via setConfig" time="0.009718208">
        </testcase>
        <testcase classname="src/context/AppContext.test.jsx" name="AppContext &gt; initializes with provided config" time="0.001627291">
        </testcase>
    </testsuite>
    <testsuite name="src/hooks/useRealtimeWebSocket.test.js" timestamp="2026-05-02T07:12:13.544Z" hostname="peters-mbp.lan" tests="4" failures="0" errors="0" skipped="0" time="0.070418458">
        <testcase classname="src/hooks/useRealtimeWebSocket.test.js" name="useRealtimeWebSocket &gt; should connect when enabled and microserviceUrl is provided" time="0.008933">
        </testcase>
        <testcase classname="src/hooks/useRealtimeWebSocket.test.js" name="useRealtimeWebSocket &gt; should handle STARTED event for session" time="0.003885292">
        </testcase>
        <testcase classname="src/hooks/useRealtimeWebSocket.test.js" name="useRealtimeWebSocket &gt; should handle COMPLETED event with partial failures" time="0.001371208">
        </testcase>
        <testcase classname="src/hooks/useRealtimeWebSocket.test.js" name="useRealtimeWebSocket &gt; should hydrate session status on connect if activeSessionId is provided" time="0.052972583">
        </testcase>
    </testsuite>
    <testsuite name="src/state/progressReducer.test.js" timestamp="2026-05-02T07:12:13.545Z" hostname="peters-mbp.lan" tests="5" failures="0" errors="0" skipped="0" time="0.005109416">
        <testcase classname="src/state/progressReducer.test.js" name="progressReducer &gt; should return provided state for unknown action" time="0.0011675">
        </testcase>
        <testcase classname="src/state/progressReducer.test.js" name="progressReducer &gt; should handle SET_TOTAL" time="0.000205625">
        </testcase>
        <testcase classname="src/state/progressReducer.test.js" name="progressReducer &gt; should handle SET_COMPLETED" time="0.000109583">
        </testcase>
        <testcase classname="src/state/progressReducer.test.js" name="progressReducer &gt; should handle UPDATE_BATCH and sum correctly" time="0.000297875">
        </testcase>
        <testcase classname="src/state/progressReducer.test.js" name="progressReducer &gt; should handle RESET_ALL" time="0.000150083">
        </testcase>
    </testsuite>
    <testsuite name="src/components/dashboard/Dashboard.test.jsx" timestamp="2026-05-02T07:12:13.545Z" hostname="peters-mbp.lan" tests="5" failures="0" errors="0" skipped="0" time="0.098993667">
        <testcase classname="src/components/dashboard/Dashboard.test.jsx" name="Dashboard &gt; renders correctly with progress and logs" time="0.048445">
        </testcase>
        <testcase classname="src/components/dashboard/Dashboard.test.jsx" name="Dashboard &gt; shows progress bars for products" time="0.012677875">
        </testcase>
        <testcase classname="src/components/dashboard/Dashboard.test.jsx" name="Dashboard &gt; triggers onReset when Reset button is clicked" time="0.013346375">
        </testcase>
        <testcase classname="src/components/dashboard/Dashboard.test.jsx" name="Dashboard &gt; handles export actions" time="0.01611075">
        </testcase>
        <testcase classname="src/components/dashboard/Dashboard.test.jsx" name="Dashboard &gt; shows empty state when no progress exists" time="0.0053155">
        </testcase>
    </testsuite>
    <testsuite name="src/components/data-generator/DataGeneratorForm.test.jsx" timestamp="2026-05-02T07:12:13.546Z" hostname="peters-mbp.lan" tests="5" failures="0" errors="0" skipped="0" time="0.182783708">
        <testcase classname="src/components/data-generator/DataGeneratorForm.test.jsx" name="DataGeneratorForm &gt; renders correctly with initial config" time="0.056004292">
        </testcase>
        <testcase classname="src/components/data-generator/DataGeneratorForm.test.jsx" name="DataGeneratorForm &gt; updates product count on change" time="0.017578625">
        </testcase>
        <testcase classname="src/components/data-generator/DataGeneratorForm.test.jsx" name="DataGeneratorForm &gt; shows cost estimation when not in demo mode" time="0.010499667">
        </testcase>
        <testcase classname="src/components/data-generator/DataGeneratorForm.test.jsx" name="DataGeneratorForm &gt; triggers onGenerate on form submission" time="0.011613042">
        </testcase>
        <testcase classname="src/components/data-generator/DataGeneratorForm.test.jsx" name="DataGeneratorForm &gt; disables submit button and shows loading state when generating" time="0.083857625">
        </testcase>
    </testsuite>
</testsuites>
