<?xml version="1.0" encoding="UTF-8" ?>
<testsuites name="vitest tests" tests="19" failures="19" errors="0" time="0">
    <testsuite name="tests/accountGenerator.test.cjs" timestamp="2026-05-02T07:13:01.929Z" hostname="peters-mbp.lan" tests="1" failures="1" errors="0" skipped="0" time="0">
        <testcase classname="tests/accountGenerator.test.cjs" name="tests/accountGenerator.test.cjs" time="0">
            <failure message="require() of ES Module /Volumes/SanDisk/repos/liferay-ai-commerce-accelerator/node_modules/rettime/build/index.mjs not supported.
Instead change the require of /Volumes/SanDisk/repos/liferay-ai-commerce-accelerator/node_modules/rettime/build/index.mjs to a dynamic import() which is available in all CommonJS modules." type="Error">
Error: require() of ES Module /Volumes/SanDisk/repos/liferay-ai-commerce-accelerator/node_modules/rettime/build/index.mjs not supported.
Instead change the require of /Volumes/SanDisk/repos/liferay-ai-commerce-accelerator/node_modules/rettime/build/index.mjs to a dynamic import() which is available in all CommonJS modules.
 ❯ Object.&lt;anonymous&gt; ../../node_modules/msw/src/core/experimental/define-network.ts:2:46

⎯⎯⎯⎯⎯⎯⎯⎯⎯⎯⎯⎯⎯⎯⎯⎯⎯⎯⎯⎯⎯⎯⎯⎯⎯⎯⎯⎯⎯⎯⎯⎯⎯⎯⎯⎯⎯⎯⎯⎯⎯⎯⎯⎯⎯⎯⎯⎯⎯⎯⎯⎯⎯⎯⎯⎯⎯⎯⎯⎯⎯⎯⎯⎯⎯⎯⎯⎯⎯⎯⎯⎯⎯⎯⎯⎯⎯⎯⎯⎯⎯⎯⎯⎯⎯⎯⎯⎯⎯⎯⎯⎯⎯⎯⎯⎯⎯⎯⎯⎯⎯⎯⎯⎯⎯⎯⎯⎯⎯⎯⎯⎯⎯⎯⎯⎯⎯⎯⎯⎯⎯⎯⎯⎯⎯⎯⎯⎯⎯⎯⎯⎯⎯⎯⎯⎯⎯⎯⎯⎯⎯⎯⎯⎯⎯⎯⎯⎯⎯⎯⎯⎯⎯⎯⎯⎯⎯⎯⎯⎯⎯⎯⎯⎯⎯⎯⎯⎯⎯⎯⎯⎯
Serialized Error: { code: &apos;ERR_REQUIRE_ESM&apos; }
            </failure>
        </testcase>
    </testsuite>
    <testsuite name="tests/aiService.test.cjs" timestamp="2026-05-02T07:13:01.932Z" hostname="peters-mbp.lan" tests="1" failures="1" errors="0" skipped="0" time="0">
        <testcase classname="tests/aiService.test.cjs" name="tests/aiService.test.cjs" time="0">
            <failure message="require() of ES Module /Volumes/SanDisk/repos/liferay-ai-commerce-accelerator/node_modules/rettime/build/index.mjs not supported.
Instead change the require of /Volumes/SanDisk/repos/liferay-ai-commerce-accelerator/node_modules/rettime/build/index.mjs to a dynamic import() which is available in all CommonJS modules." type="Error">
Error: require() of ES Module /Volumes/SanDisk/repos/liferay-ai-commerce-accelerator/node_modules/rettime/build/index.mjs not supported.
Instead change the require of /Volumes/SanDisk/repos/liferay-ai-commerce-accelerator/node_modules/rettime/build/index.mjs to a dynamic import() which is available in all CommonJS modules.
 ❯ Object.&lt;anonymous&gt; ../../node_modules/msw/src/core/experimental/define-network.ts:2:46

⎯⎯⎯⎯⎯⎯⎯⎯⎯⎯⎯⎯⎯⎯⎯⎯⎯⎯⎯⎯⎯⎯⎯⎯⎯⎯⎯⎯⎯⎯⎯⎯⎯⎯⎯⎯⎯⎯⎯⎯⎯⎯⎯⎯⎯⎯⎯⎯⎯⎯⎯⎯⎯⎯⎯⎯⎯⎯⎯⎯⎯⎯⎯⎯⎯⎯⎯⎯⎯⎯⎯⎯⎯⎯⎯⎯⎯⎯⎯⎯⎯⎯⎯⎯⎯⎯⎯⎯⎯⎯⎯⎯⎯⎯⎯⎯⎯⎯⎯⎯⎯⎯⎯⎯⎯⎯⎯⎯⎯⎯⎯⎯⎯⎯⎯⎯⎯⎯⎯⎯⎯⎯⎯⎯⎯⎯⎯⎯⎯⎯⎯⎯⎯⎯⎯⎯⎯⎯⎯⎯⎯⎯⎯⎯⎯⎯⎯⎯⎯⎯⎯⎯⎯⎯⎯⎯⎯⎯⎯⎯⎯⎯⎯⎯⎯⎯⎯⎯⎯⎯⎯⎯
Serialized Error: { code: &apos;ERR_REQUIRE_ESM&apos; }
            </failure>
        </testcase>
    </testsuite>
    <testsuite name="tests/cacheService.test.cjs" timestamp="2026-05-02T07:13:01.936Z" hostname="peters-mbp.lan" tests="1" failures="1" errors="0" skipped="0" time="0">
        <testcase classname="tests/cacheService.test.cjs" name="tests/cacheService.test.cjs" time="0">
            <failure message="require() of ES Module /Volumes/SanDisk/repos/liferay-ai-commerce-accelerator/node_modules/rettime/build/index.mjs not supported.
Instead change the require of /Volumes/SanDisk/repos/liferay-ai-commerce-accelerator/node_modules/rettime/build/index.mjs to a dynamic import() which is available in all CommonJS modules." type="Error">
Error: require() of ES Module /Volumes/SanDisk/repos/liferay-ai-commerce-accelerator/node_modules/rettime/build/index.mjs not supported.
Instead change the require of /Volumes/SanDisk/repos/liferay-ai-commerce-accelerator/node_modules/rettime/build/index.mjs to a dynamic import() which is available in all CommonJS modules.
 ❯ Object.&lt;anonymous&gt; ../../node_modules/msw/src/core/experimental/define-network.ts:2:46

⎯⎯⎯⎯⎯⎯⎯⎯⎯⎯⎯⎯⎯⎯⎯⎯⎯⎯⎯⎯⎯⎯⎯⎯⎯⎯⎯⎯⎯⎯⎯⎯⎯⎯⎯⎯⎯⎯⎯⎯⎯⎯⎯⎯⎯⎯⎯⎯⎯⎯⎯⎯⎯⎯⎯⎯⎯⎯⎯⎯⎯⎯⎯⎯⎯⎯⎯⎯⎯⎯⎯⎯⎯⎯⎯⎯⎯⎯⎯⎯⎯⎯⎯⎯⎯⎯⎯⎯⎯⎯⎯⎯⎯⎯⎯⎯⎯⎯⎯⎯⎯⎯⎯⎯⎯⎯⎯⎯⎯⎯⎯⎯⎯⎯⎯⎯⎯⎯⎯⎯⎯⎯⎯⎯⎯⎯⎯⎯⎯⎯⎯⎯⎯⎯⎯⎯⎯⎯⎯⎯⎯⎯⎯⎯⎯⎯⎯⎯⎯⎯⎯⎯⎯⎯⎯⎯⎯⎯⎯⎯⎯⎯⎯⎯⎯⎯⎯⎯⎯⎯⎯⎯
Serialized Error: { code: &apos;ERR_REQUIRE_ESM&apos; }
            </failure>
        </testcase>
    </testsuite>
    <testsuite name="tests/contractValidator.test.cjs" timestamp="2026-05-02T07:13:01.938Z" hostname="peters-mbp.lan" tests="1" failures="1" errors="0" skipped="0" time="0">
        <testcase classname="tests/contractValidator.test.cjs" name="tests/contractValidator.test.cjs" time="0">
            <failure message="require() of ES Module /Volumes/SanDisk/repos/liferay-ai-commerce-accelerator/node_modules/rettime/build/index.mjs not supported.
Instead change the require of /Volumes/SanDisk/repos/liferay-ai-commerce-accelerator/node_modules/rettime/build/index.mjs to a dynamic import() which is available in all CommonJS modules." type="Error">
Error: require() of ES Module /Volumes/SanDisk/repos/liferay-ai-commerce-accelerator/node_modules/rettime/build/index.mjs not supported.
Instead change the require of /Volumes/SanDisk/repos/liferay-ai-commerce-accelerator/node_modules/rettime/build/index.mjs to a dynamic import() which is available in all CommonJS modules.
 ❯ Object.&lt;anonymous&gt; ../../node_modules/msw/src/core/experimental/define-network.ts:2:46

⎯⎯⎯⎯⎯⎯⎯⎯⎯⎯⎯⎯⎯⎯⎯⎯⎯⎯⎯⎯⎯⎯⎯⎯⎯⎯⎯⎯⎯⎯⎯⎯⎯⎯⎯⎯⎯⎯⎯⎯⎯⎯⎯⎯⎯⎯⎯⎯⎯⎯⎯⎯⎯⎯⎯⎯⎯⎯⎯⎯⎯⎯⎯⎯⎯⎯⎯⎯⎯⎯⎯⎯⎯⎯⎯⎯⎯⎯⎯⎯⎯⎯⎯⎯⎯⎯⎯⎯⎯⎯⎯⎯⎯⎯⎯⎯⎯⎯⎯⎯⎯⎯⎯⎯⎯⎯⎯⎯⎯⎯⎯⎯⎯⎯⎯⎯⎯⎯⎯⎯⎯⎯⎯⎯⎯⎯⎯⎯⎯⎯⎯⎯⎯⎯⎯⎯⎯⎯⎯⎯⎯⎯⎯⎯⎯⎯⎯⎯⎯⎯⎯⎯⎯⎯⎯⎯⎯⎯⎯⎯⎯⎯⎯⎯⎯⎯⎯⎯⎯⎯⎯⎯
Serialized Error: { code: &apos;ERR_REQUIRE_ESM&apos; }
            </failure>
        </testcase>
    </testsuite>
    <testsuite name="tests/deleteCoordinatorService.test.cjs" timestamp="2026-05-02T07:13:01.940Z" hostname="peters-mbp.lan" tests="1" failures="1" errors="0" skipped="0" time="0">
        <testcase classname="tests/deleteCoordinatorService.test.cjs" name="tests/deleteCoordinatorService.test.cjs" time="0">
            <failure message="require() of ES Module /Volumes/SanDisk/repos/liferay-ai-commerce-accelerator/node_modules/rettime/build/index.mjs not supported.
Instead change the require of /Volumes/SanDisk/repos/liferay-ai-commerce-accelerator/node_modules/rettime/build/index.mjs to a dynamic import() which is available in all CommonJS modules." type="Error">
Error: require() of ES Module /Volumes/SanDisk/repos/liferay-ai-commerce-accelerator/node_modules/rettime/build/index.mjs not supported.
Instead change the require of /Volumes/SanDisk/repos/liferay-ai-commerce-accelerator/node_modules/rettime/build/index.mjs to a dynamic import() which is available in all CommonJS modules.
 ❯ Object.&lt;anonymous&gt; ../../node_modules/msw/src/core/experimental/define-network.ts:2:46

⎯⎯⎯⎯⎯⎯⎯⎯⎯⎯⎯⎯⎯⎯⎯⎯⎯⎯⎯⎯⎯⎯⎯⎯⎯⎯⎯⎯⎯⎯⎯⎯⎯⎯⎯⎯⎯⎯⎯⎯⎯⎯⎯⎯⎯⎯⎯⎯⎯⎯⎯⎯⎯⎯⎯⎯⎯⎯⎯⎯⎯⎯⎯⎯⎯⎯⎯⎯⎯⎯⎯⎯⎯⎯⎯⎯⎯⎯⎯⎯⎯⎯⎯⎯⎯⎯⎯⎯⎯⎯⎯⎯⎯⎯⎯⎯⎯⎯⎯⎯⎯⎯⎯⎯⎯⎯⎯⎯⎯⎯⎯⎯⎯⎯⎯⎯⎯⎯⎯⎯⎯⎯⎯⎯⎯⎯⎯⎯⎯⎯⎯⎯⎯⎯⎯⎯⎯⎯⎯⎯⎯⎯⎯⎯⎯⎯⎯⎯⎯⎯⎯⎯⎯⎯⎯⎯⎯⎯⎯⎯⎯⎯⎯⎯⎯⎯⎯⎯⎯⎯⎯⎯
Serialized Error: { code: &apos;ERR_REQUIRE_ESM&apos; }
            </failure>
        </testcase>
    </testsuite>
    <testsuite name="tests/generation.test.cjs" timestamp="2026-05-02T07:13:01.941Z" hostname="peters-mbp.lan" tests="1" failures="1" errors="0" skipped="0" time="0">
        <testcase classname="tests/generation.test.cjs" name="tests/generation.test.cjs" time="0">
            <failure message="require() of ES Module /Volumes/SanDisk/repos/liferay-ai-commerce-accelerator/node_modules/rettime/build/index.mjs not supported.
Instead change the require of /Volumes/SanDisk/repos/liferay-ai-commerce-accelerator/node_modules/rettime/build/index.mjs to a dynamic import() which is available in all CommonJS modules." type="Error">
Error: require() of ES Module /Volumes/SanDisk/repos/liferay-ai-commerce-accelerator/node_modules/rettime/build/index.mjs not supported.
Instead change the require of /Volumes/SanDisk/repos/liferay-ai-commerce-accelerator/node_modules/rettime/build/index.mjs to a dynamic import() which is available in all CommonJS modules.
 ❯ Object.&lt;anonymous&gt; ../../node_modules/msw/src/core/experimental/define-network.ts:2:46

⎯⎯⎯⎯⎯⎯⎯⎯⎯⎯⎯⎯⎯⎯⎯⎯⎯⎯⎯⎯⎯⎯⎯⎯⎯⎯⎯⎯⎯⎯⎯⎯⎯⎯⎯⎯⎯⎯⎯⎯⎯⎯⎯⎯⎯⎯⎯⎯⎯⎯⎯⎯⎯⎯⎯⎯⎯⎯⎯⎯⎯⎯⎯⎯⎯⎯⎯⎯⎯⎯⎯⎯⎯⎯⎯⎯⎯⎯⎯⎯⎯⎯⎯⎯⎯⎯⎯⎯⎯⎯⎯⎯⎯⎯⎯⎯⎯⎯⎯⎯⎯⎯⎯⎯⎯⎯⎯⎯⎯⎯⎯⎯⎯⎯⎯⎯⎯⎯⎯⎯⎯⎯⎯⎯⎯⎯⎯⎯⎯⎯⎯⎯⎯⎯⎯⎯⎯⎯⎯⎯⎯⎯⎯⎯⎯⎯⎯⎯⎯⎯⎯⎯⎯⎯⎯⎯⎯⎯⎯⎯⎯⎯⎯⎯⎯⎯⎯⎯⎯⎯⎯⎯
Serialized Error: { code: &apos;ERR_REQUIRE_ESM&apos; }
            </failure>
        </testcase>
    </testsuite>
    <testsuite name="tests/healthService.test.cjs" timestamp="2026-05-02T07:13:01.942Z" hostname="peters-mbp.lan" tests="1" failures="1" errors="0" skipped="0" time="0">
        <testcase classname="tests/healthService.test.cjs" name="tests/healthService.test.cjs" time="0">
            <failure message="require() of ES Module /Volumes/SanDisk/repos/liferay-ai-commerce-accelerator/node_modules/rettime/build/index.mjs not supported.
Instead change the require of /Volumes/SanDisk/repos/liferay-ai-commerce-accelerator/node_modules/rettime/build/index.mjs to a dynamic import() which is available in all CommonJS modules." type="Error">
Error: require() of ES Module /Volumes/SanDisk/repos/liferay-ai-commerce-accelerator/node_modules/rettime/build/index.mjs not supported.
Instead change the require of /Volumes/SanDisk/repos/liferay-ai-commerce-accelerator/node_modules/rettime/build/index.mjs to a dynamic import() which is available in all CommonJS modules.
 ❯ Object.&lt;anonymous&gt; ../../node_modules/msw/src/core/experimental/define-network.ts:2:46

⎯⎯⎯⎯⎯⎯⎯⎯⎯⎯⎯⎯⎯⎯⎯⎯⎯⎯⎯⎯⎯⎯⎯⎯⎯⎯⎯⎯⎯⎯⎯⎯⎯⎯⎯⎯⎯⎯⎯⎯⎯⎯⎯⎯⎯⎯⎯⎯⎯⎯⎯⎯⎯⎯⎯⎯⎯⎯⎯⎯⎯⎯⎯⎯⎯⎯⎯⎯⎯⎯⎯⎯⎯⎯⎯⎯⎯⎯⎯⎯⎯⎯⎯⎯⎯⎯⎯⎯⎯⎯⎯⎯⎯⎯⎯⎯⎯⎯⎯⎯⎯⎯⎯⎯⎯⎯⎯⎯⎯⎯⎯⎯⎯⎯⎯⎯⎯⎯⎯⎯⎯⎯⎯⎯⎯⎯⎯⎯⎯⎯⎯⎯⎯⎯⎯⎯⎯⎯⎯⎯⎯⎯⎯⎯⎯⎯⎯⎯⎯⎯⎯⎯⎯⎯⎯⎯⎯⎯⎯⎯⎯⎯⎯⎯⎯⎯⎯⎯⎯⎯⎯⎯
Serialized Error: { code: &apos;ERR_REQUIRE_ESM&apos; }
            </failure>
        </testcase>
    </testsuite>
    <testsuite name="tests/liferayService.test.cjs" timestamp="2026-05-02T07:13:01.942Z" hostname="peters-mbp.lan" tests="1" failures="1" errors="0" skipped="0" time="0">
        <testcase classname="tests/liferayService.test.cjs" name="tests/liferayService.test.cjs" time="0">
            <failure message="require() of ES Module /Volumes/SanDisk/repos/liferay-ai-commerce-accelerator/node_modules/rettime/build/index.mjs not supported.
Instead change the require of /Volumes/SanDisk/repos/liferay-ai-commerce-accelerator/node_modules/rettime/build/index.mjs to a dynamic import() which is available in all CommonJS modules." type="Error">
Error: require() of ES Module /Volumes/SanDisk/repos/liferay-ai-commerce-accelerator/node_modules/rettime/build/index.mjs not supported.
Instead change the require of /Volumes/SanDisk/repos/liferay-ai-commerce-accelerator/node_modules/rettime/build/index.mjs to a dynamic import() which is available in all CommonJS modules.
 ❯ Object.&lt;anonymous&gt; ../../node_modules/msw/src/core/experimental/define-network.ts:2:46

⎯⎯⎯⎯⎯⎯⎯⎯⎯⎯⎯⎯⎯⎯⎯⎯⎯⎯⎯⎯⎯⎯⎯⎯⎯⎯⎯⎯⎯⎯⎯⎯⎯⎯⎯⎯⎯⎯⎯⎯⎯⎯⎯⎯⎯⎯⎯⎯⎯⎯⎯⎯⎯⎯⎯⎯⎯⎯⎯⎯⎯⎯⎯⎯⎯⎯⎯⎯⎯⎯⎯⎯⎯⎯⎯⎯⎯⎯⎯⎯⎯⎯⎯⎯⎯⎯⎯⎯⎯⎯⎯⎯⎯⎯⎯⎯⎯⎯⎯⎯⎯⎯⎯⎯⎯⎯⎯⎯⎯⎯⎯⎯⎯⎯⎯⎯⎯⎯⎯⎯⎯⎯⎯⎯⎯⎯⎯⎯⎯⎯⎯⎯⎯⎯⎯⎯⎯⎯⎯⎯⎯⎯⎯⎯⎯⎯⎯⎯⎯⎯⎯⎯⎯⎯⎯⎯⎯⎯⎯⎯⎯⎯⎯⎯⎯⎯⎯⎯⎯⎯⎯⎯
Serialized Error: { code: &apos;ERR_REQUIRE_ESM&apos; }
            </failure>
        </testcase>
    </testsuite>
    <testsuite name="tests/orchestrationSafety.test.cjs" timestamp="2026-05-02T07:13:01.944Z" hostname="peters-mbp.lan" tests="1" failures="1" errors="0" skipped="0" time="0">
        <testcase classname="tests/orchestrationSafety.test.cjs" name="tests/orchestrationSafety.test.cjs" time="0">
            <failure message="require() of ES Module /Volumes/SanDisk/repos/liferay-ai-commerce-accelerator/node_modules/rettime/build/index.mjs not supported.
Instead change the require of /Volumes/SanDisk/repos/liferay-ai-commerce-accelerator/node_modules/rettime/build/index.mjs to a dynamic import() which is available in all CommonJS modules." type="Error">
Error: require() of ES Module /Volumes/SanDisk/repos/liferay-ai-commerce-accelerator/node_modules/rettime/build/index.mjs not supported.
Instead change the require of /Volumes/SanDisk/repos/liferay-ai-commerce-accelerator/node_modules/rettime/build/index.mjs to a dynamic import() which is available in all CommonJS modules.
 ❯ Object.&lt;anonymous&gt; ../../node_modules/msw/src/core/experimental/define-network.ts:2:46

⎯⎯⎯⎯⎯⎯⎯⎯⎯⎯⎯⎯⎯⎯⎯⎯⎯⎯⎯⎯⎯⎯⎯⎯⎯⎯⎯⎯⎯⎯⎯⎯⎯⎯⎯⎯⎯⎯⎯⎯⎯⎯⎯⎯⎯⎯⎯⎯⎯⎯⎯⎯⎯⎯⎯⎯⎯⎯⎯⎯⎯⎯⎯⎯⎯⎯⎯⎯⎯⎯⎯⎯⎯⎯⎯⎯⎯⎯⎯⎯⎯⎯⎯⎯⎯⎯⎯⎯⎯⎯⎯⎯⎯⎯⎯⎯⎯⎯⎯⎯⎯⎯⎯⎯⎯⎯⎯⎯⎯⎯⎯⎯⎯⎯⎯⎯⎯⎯⎯⎯⎯⎯⎯⎯⎯⎯⎯⎯⎯⎯⎯⎯⎯⎯⎯⎯⎯⎯⎯⎯⎯⎯⎯⎯⎯⎯⎯⎯⎯⎯⎯⎯⎯⎯⎯⎯⎯⎯⎯⎯⎯⎯⎯⎯⎯⎯⎯⎯⎯⎯⎯⎯
Serialized Error: { code: &apos;ERR_REQUIRE_ESM&apos; }
            </failure>
        </testcase>
    </testsuite>
    <testsuite name="tests/orderGenerator.test.cjs" timestamp="2026-05-02T07:13:01.946Z" hostname="peters-mbp.lan" tests="1" failures="1" errors="0" skipped="0" time="0">
        <testcase classname="tests/orderGenerator.test.cjs" name="tests/orderGenerator.test.cjs" time="0">
            <failure message="require() of ES Module /Volumes/SanDisk/repos/liferay-ai-commerce-accelerator/node_modules/rettime/build/index.mjs not supported.
Instead change the require of /Volumes/SanDisk/repos/liferay-ai-commerce-accelerator/node_modules/rettime/build/index.mjs to a dynamic import() which is available in all CommonJS modules." type="Error">
Error: require() of ES Module /Volumes/SanDisk/repos/liferay-ai-commerce-accelerator/node_modules/rettime/build/index.mjs not supported.
Instead change the require of /Volumes/SanDisk/repos/liferay-ai-commerce-accelerator/node_modules/rettime/build/index.mjs to a dynamic import() which is available in all CommonJS modules.
 ❯ Object.&lt;anonymous&gt; ../../node_modules/msw/src/core/experimental/define-network.ts:2:46

⎯⎯⎯⎯⎯⎯⎯⎯⎯⎯⎯⎯⎯⎯⎯⎯⎯⎯⎯⎯⎯⎯⎯⎯⎯⎯⎯⎯⎯⎯⎯⎯⎯⎯⎯⎯⎯⎯⎯⎯⎯⎯⎯⎯⎯⎯⎯⎯⎯⎯⎯⎯⎯⎯⎯⎯⎯⎯⎯⎯⎯⎯⎯⎯⎯⎯⎯⎯⎯⎯⎯⎯⎯⎯⎯⎯⎯⎯⎯⎯⎯⎯⎯⎯⎯⎯⎯⎯⎯⎯⎯⎯⎯⎯⎯⎯⎯⎯⎯⎯⎯⎯⎯⎯⎯⎯⎯⎯⎯⎯⎯⎯⎯⎯⎯⎯⎯⎯⎯⎯⎯⎯⎯⎯⎯⎯⎯⎯⎯⎯⎯⎯⎯⎯⎯⎯⎯⎯⎯⎯⎯⎯⎯⎯⎯⎯⎯⎯⎯⎯⎯⎯⎯⎯⎯⎯⎯⎯⎯⎯⎯⎯⎯⎯⎯⎯⎯⎯⎯⎯⎯⎯
Serialized Error: { code: &apos;ERR_REQUIRE_ESM&apos; }
            </failure>
        </testcase>
    </testsuite>
    <testsuite name="tests/payloadCleaner.test.cjs" timestamp="2026-05-02T07:13:01.947Z" hostname="peters-mbp.lan" tests="1" failures="1" errors="0" skipped="0" time="0">
        <testcase classname="tests/payloadCleaner.test.cjs" name="tests/payloadCleaner.test.cjs" time="0">
            <failure message="require() of ES Module /Volumes/SanDisk/repos/liferay-ai-commerce-accelerator/node_modules/rettime/build/index.mjs not supported.
Instead change the require of /Volumes/SanDisk/repos/liferay-ai-commerce-accelerator/node_modules/rettime/build/index.mjs to a dynamic import() which is available in all CommonJS modules." type="Error">
Error: require() of ES Module /Volumes/SanDisk/repos/liferay-ai-commerce-accelerator/node_modules/rettime/build/index.mjs not supported.
Instead change the require of /Volumes/SanDisk/repos/liferay-ai-commerce-accelerator/node_modules/rettime/build/index.mjs to a dynamic import() which is available in all CommonJS modules.
 ❯ Object.&lt;anonymous&gt; ../../node_modules/msw/src/core/experimental/define-network.ts:2:46

⎯⎯⎯⎯⎯⎯⎯⎯⎯⎯⎯⎯⎯⎯⎯⎯⎯⎯⎯⎯⎯⎯⎯⎯⎯⎯⎯⎯⎯⎯⎯⎯⎯⎯⎯⎯⎯⎯⎯⎯⎯⎯⎯⎯⎯⎯⎯⎯⎯⎯⎯⎯⎯⎯⎯⎯⎯⎯⎯⎯⎯⎯⎯⎯⎯⎯⎯⎯⎯⎯⎯⎯⎯⎯⎯⎯⎯⎯⎯⎯⎯⎯⎯⎯⎯⎯⎯⎯⎯⎯⎯⎯⎯⎯⎯⎯⎯⎯⎯⎯⎯⎯⎯⎯⎯⎯⎯⎯⎯⎯⎯⎯⎯⎯⎯⎯⎯⎯⎯⎯⎯⎯⎯⎯⎯⎯⎯⎯⎯⎯⎯⎯⎯⎯⎯⎯⎯⎯⎯⎯⎯⎯⎯⎯⎯⎯⎯⎯⎯⎯⎯⎯⎯⎯⎯⎯⎯⎯⎯⎯⎯⎯⎯⎯⎯⎯⎯⎯⎯⎯⎯⎯
Serialized Error: { code: &apos;ERR_REQUIRE_ESM&apos; }
            </failure>
        </testcase>
    </testsuite>
    <testsuite name="tests/persistenceService.test.cjs" timestamp="2026-05-02T07:13:01.949Z" hostname="peters-mbp.lan" tests="1" failures="1" errors="0" skipped="0" time="0">
        <testcase classname="tests/persistenceService.test.cjs" name="tests/persistenceService.test.cjs" time="0">
            <failure message="require() of ES Module /Volumes/SanDisk/repos/liferay-ai-commerce-accelerator/node_modules/rettime/build/index.mjs not supported.
Instead change the require of /Volumes/SanDisk/repos/liferay-ai-commerce-accelerator/node_modules/rettime/build/index.mjs to a dynamic import() which is available in all CommonJS modules." type="Error">
Error: require() of ES Module /Volumes/SanDisk/repos/liferay-ai-commerce-accelerator/node_modules/rettime/build/index.mjs not supported.
Instead change the require of /Volumes/SanDisk/repos/liferay-ai-commerce-accelerator/node_modules/rettime/build/index.mjs to a dynamic import() which is available in all CommonJS modules.
 ❯ Object.&lt;anonymous&gt; ../../node_modules/msw/src/core/experimental/define-network.ts:2:46

⎯⎯⎯⎯⎯⎯⎯⎯⎯⎯⎯⎯⎯⎯⎯⎯⎯⎯⎯⎯⎯⎯⎯⎯⎯⎯⎯⎯⎯⎯⎯⎯⎯⎯⎯⎯⎯⎯⎯⎯⎯⎯⎯⎯⎯⎯⎯⎯⎯⎯⎯⎯⎯⎯⎯⎯⎯⎯⎯⎯⎯⎯⎯⎯⎯⎯⎯⎯⎯⎯⎯⎯⎯⎯⎯⎯⎯⎯⎯⎯⎯⎯⎯⎯⎯⎯⎯⎯⎯⎯⎯⎯⎯⎯⎯⎯⎯⎯⎯⎯⎯⎯⎯⎯⎯⎯⎯⎯⎯⎯⎯⎯⎯⎯⎯⎯⎯⎯⎯⎯⎯⎯⎯⎯⎯⎯⎯⎯⎯⎯⎯⎯⎯⎯⎯⎯⎯⎯⎯⎯⎯⎯⎯⎯⎯⎯⎯⎯⎯⎯⎯⎯⎯⎯⎯⎯⎯⎯⎯⎯⎯⎯⎯⎯⎯⎯⎯⎯⎯⎯⎯⎯
Serialized Error: { code: &apos;ERR_REQUIRE_ESM&apos; }
            </failure>
        </testcase>
    </testsuite>
    <testsuite name="tests/productGenerator.test.cjs" timestamp="2026-05-02T07:13:01.951Z" hostname="peters-mbp.lan" tests="1" failures="1" errors="0" skipped="0" time="0">
        <testcase classname="tests/productGenerator.test.cjs" name="tests/productGenerator.test.cjs" time="0">
            <failure message="require() of ES Module /Volumes/SanDisk/repos/liferay-ai-commerce-accelerator/node_modules/rettime/build/index.mjs not supported.
Instead change the require of /Volumes/SanDisk/repos/liferay-ai-commerce-accelerator/node_modules/rettime/build/index.mjs to a dynamic import() which is available in all CommonJS modules." type="Error">
Error: require() of ES Module /Volumes/SanDisk/repos/liferay-ai-commerce-accelerator/node_modules/rettime/build/index.mjs not supported.
Instead change the require of /Volumes/SanDisk/repos/liferay-ai-commerce-accelerator/node_modules/rettime/build/index.mjs to a dynamic import() which is available in all CommonJS modules.
 ❯ Object.&lt;anonymous&gt; ../../node_modules/msw/src/core/experimental/define-network.ts:2:46

⎯⎯⎯⎯⎯⎯⎯⎯⎯⎯⎯⎯⎯⎯⎯⎯⎯⎯⎯⎯⎯⎯⎯⎯⎯⎯⎯⎯⎯⎯⎯⎯⎯⎯⎯⎯⎯⎯⎯⎯⎯⎯⎯⎯⎯⎯⎯⎯⎯⎯⎯⎯⎯⎯⎯⎯⎯⎯⎯⎯⎯⎯⎯⎯⎯⎯⎯⎯⎯⎯⎯⎯⎯⎯⎯⎯⎯⎯⎯⎯⎯⎯⎯⎯⎯⎯⎯⎯⎯⎯⎯⎯⎯⎯⎯⎯⎯⎯⎯⎯⎯⎯⎯⎯⎯⎯⎯⎯⎯⎯⎯⎯⎯⎯⎯⎯⎯⎯⎯⎯⎯⎯⎯⎯⎯⎯⎯⎯⎯⎯⎯⎯⎯⎯⎯⎯⎯⎯⎯⎯⎯⎯⎯⎯⎯⎯⎯⎯⎯⎯⎯⎯⎯⎯⎯⎯⎯⎯⎯⎯⎯⎯⎯⎯⎯⎯⎯⎯⎯⎯⎯⎯
Serialized Error: { code: &apos;ERR_REQUIRE_ESM&apos; }
            </failure>
        </testcase>
    </testsuite>
    <testsuite name="tests/resilience.test.cjs" timestamp="2026-05-02T07:13:01.953Z" hostname="peters-mbp.lan" tests="1" failures="1" errors="0" skipped="0" time="0">
        <testcase classname="tests/resilience.test.cjs" name="tests/resilience.test.cjs" time="0">
            <failure message="require() of ES Module /Volumes/SanDisk/repos/liferay-ai-commerce-accelerator/node_modules/rettime/build/index.mjs not supported.
Instead change the require of /Volumes/SanDisk/repos/liferay-ai-commerce-accelerator/node_modules/rettime/build/index.mjs to a dynamic import() which is available in all CommonJS modules." type="Error">
Error: require() of ES Module /Volumes/SanDisk/repos/liferay-ai-commerce-accelerator/node_modules/rettime/build/index.mjs not supported.
Instead change the require of /Volumes/SanDisk/repos/liferay-ai-commerce-accelerator/node_modules/rettime/build/index.mjs to a dynamic import() which is available in all CommonJS modules.
 ❯ Object.&lt;anonymous&gt; ../../node_modules/msw/src/core/experimental/define-network.ts:2:46

⎯⎯⎯⎯⎯⎯⎯⎯⎯⎯⎯⎯⎯⎯⎯⎯⎯⎯⎯⎯⎯⎯⎯⎯⎯⎯⎯⎯⎯⎯⎯⎯⎯⎯⎯⎯⎯⎯⎯⎯⎯⎯⎯⎯⎯⎯⎯⎯⎯⎯⎯⎯⎯⎯⎯⎯⎯⎯⎯⎯⎯⎯⎯⎯⎯⎯⎯⎯⎯⎯⎯⎯⎯⎯⎯⎯⎯⎯⎯⎯⎯⎯⎯⎯⎯⎯⎯⎯⎯⎯⎯⎯⎯⎯⎯⎯⎯⎯⎯⎯⎯⎯⎯⎯⎯⎯⎯⎯⎯⎯⎯⎯⎯⎯⎯⎯⎯⎯⎯⎯⎯⎯⎯⎯⎯⎯⎯⎯⎯⎯⎯⎯⎯⎯⎯⎯⎯⎯⎯⎯⎯⎯⎯⎯⎯⎯⎯⎯⎯⎯⎯⎯⎯⎯⎯⎯⎯⎯⎯⎯⎯⎯⎯⎯⎯⎯⎯⎯⎯⎯⎯⎯
Serialized Error: { code: &apos;ERR_REQUIRE_ESM&apos; }
            </failure>
        </testcase>
    </testsuite>
    <testsuite name="tests/schemaAlignment.test.cjs" timestamp="2026-05-02T07:13:01.954Z" hostname="peters-mbp.lan" tests="1" failures="1" errors="0" skipped="0" time="0">
        <testcase classname="tests/schemaAlignment.test.cjs" name="tests/schemaAlignment.test.cjs" time="0">
            <failure message="require() of ES Module /Volumes/SanDisk/repos/liferay-ai-commerce-accelerator/node_modules/rettime/build/index.mjs not supported.
Instead change the require of /Volumes/SanDisk/repos/liferay-ai-commerce-accelerator/node_modules/rettime/build/index.mjs to a dynamic import() which is available in all CommonJS modules." type="Error">
Error: require() of ES Module /Volumes/SanDisk/repos/liferay-ai-commerce-accelerator/node_modules/rettime/build/index.mjs not supported.
Instead change the require of /Volumes/SanDisk/repos/liferay-ai-commerce-accelerator/node_modules/rettime/build/index.mjs to a dynamic import() which is available in all CommonJS modules.
 ❯ Object.&lt;anonymous&gt; ../../node_modules/msw/src/core/experimental/define-network.ts:2:46

⎯⎯⎯⎯⎯⎯⎯⎯⎯⎯⎯⎯⎯⎯⎯⎯⎯⎯⎯⎯⎯⎯⎯⎯⎯⎯⎯⎯⎯⎯⎯⎯⎯⎯⎯⎯⎯⎯⎯⎯⎯⎯⎯⎯⎯⎯⎯⎯⎯⎯⎯⎯⎯⎯⎯⎯⎯⎯⎯⎯⎯⎯⎯⎯⎯⎯⎯⎯⎯⎯⎯⎯⎯⎯⎯⎯⎯⎯⎯⎯⎯⎯⎯⎯⎯⎯⎯⎯⎯⎯⎯⎯⎯⎯⎯⎯⎯⎯⎯⎯⎯⎯⎯⎯⎯⎯⎯⎯⎯⎯⎯⎯⎯⎯⎯⎯⎯⎯⎯⎯⎯⎯⎯⎯⎯⎯⎯⎯⎯⎯⎯⎯⎯⎯⎯⎯⎯⎯⎯⎯⎯⎯⎯⎯⎯⎯⎯⎯⎯⎯⎯⎯⎯⎯⎯⎯⎯⎯⎯⎯⎯⎯⎯⎯⎯⎯⎯⎯⎯⎯⎯⎯
Serialized Error: { code: &apos;ERR_REQUIRE_ESM&apos; }
            </failure>
        </testcase>
    </testsuite>
    <testsuite name="tests/security.test.cjs" timestamp="2026-05-02T07:13:01.955Z" hostname="peters-mbp.lan" tests="1" failures="1" errors="0" skipped="0" time="0">
        <testcase classname="tests/security.test.cjs" name="tests/security.test.cjs" time="0">
            <failure message="require() of ES Module /Volumes/SanDisk/repos/liferay-ai-commerce-accelerator/node_modules/rettime/build/index.mjs not supported.
Instead change the require of /Volumes/SanDisk/repos/liferay-ai-commerce-accelerator/node_modules/rettime/build/index.mjs to a dynamic import() which is available in all CommonJS modules." type="Error">
Error: require() of ES Module /Volumes/SanDisk/repos/liferay-ai-commerce-accelerator/node_modules/rettime/build/index.mjs not supported.
Instead change the require of /Volumes/SanDisk/repos/liferay-ai-commerce-accelerator/node_modules/rettime/build/index.mjs to a dynamic import() which is available in all CommonJS modules.
 ❯ Object.&lt;anonymous&gt; ../../node_modules/msw/src/core/experimental/define-network.ts:2:46

⎯⎯⎯⎯⎯⎯⎯⎯⎯⎯⎯⎯⎯⎯⎯⎯⎯⎯⎯⎯⎯⎯⎯⎯⎯⎯⎯⎯⎯⎯⎯⎯⎯⎯⎯⎯⎯⎯⎯⎯⎯⎯⎯⎯⎯⎯⎯⎯⎯⎯⎯⎯⎯⎯⎯⎯⎯⎯⎯⎯⎯⎯⎯⎯⎯⎯⎯⎯⎯⎯⎯⎯⎯⎯⎯⎯⎯⎯⎯⎯⎯⎯⎯⎯⎯⎯⎯⎯⎯⎯⎯⎯⎯⎯⎯⎯⎯⎯⎯⎯⎯⎯⎯⎯⎯⎯⎯⎯⎯⎯⎯⎯⎯⎯⎯⎯⎯⎯⎯⎯⎯⎯⎯⎯⎯⎯⎯⎯⎯⎯⎯⎯⎯⎯⎯⎯⎯⎯⎯⎯⎯⎯⎯⎯⎯⎯⎯⎯⎯⎯⎯⎯⎯⎯⎯⎯⎯⎯⎯⎯⎯⎯⎯⎯⎯⎯⎯⎯⎯⎯⎯⎯
Serialized Error: { code: &apos;ERR_REQUIRE_ESM&apos; }
            </failure>
        </testcase>
    </testsuite>
    <testsuite name="tests/serviceParity.test.cjs" timestamp="2026-05-02T07:13:01.955Z" hostname="peters-mbp.lan" tests="1" failures="1" errors="0" skipped="0" time="0">
        <testcase classname="tests/serviceParity.test.cjs" name="tests/serviceParity.test.cjs" time="0">
            <failure message="require() of ES Module /Volumes/SanDisk/repos/liferay-ai-commerce-accelerator/node_modules/rettime/build/index.mjs not supported.
Instead change the require of /Volumes/SanDisk/repos/liferay-ai-commerce-accelerator/node_modules/rettime/build/index.mjs to a dynamic import() which is available in all CommonJS modules." type="Error">
Error: require() of ES Module /Volumes/SanDisk/repos/liferay-ai-commerce-accelerator/node_modules/rettime/build/index.mjs not supported.
Instead change the require of /Volumes/SanDisk/repos/liferay-ai-commerce-accelerator/node_modules/rettime/build/index.mjs to a dynamic import() which is available in all CommonJS modules.
 ❯ Object.&lt;anonymous&gt; ../../node_modules/msw/src/core/experimental/define-network.ts:2:46

⎯⎯⎯⎯⎯⎯⎯⎯⎯⎯⎯⎯⎯⎯⎯⎯⎯⎯⎯⎯⎯⎯⎯⎯⎯⎯⎯⎯⎯⎯⎯⎯⎯⎯⎯⎯⎯⎯⎯⎯⎯⎯⎯⎯⎯⎯⎯⎯⎯⎯⎯⎯⎯⎯⎯⎯⎯⎯⎯⎯⎯⎯⎯⎯⎯⎯⎯⎯⎯⎯⎯⎯⎯⎯⎯⎯⎯⎯⎯⎯⎯⎯⎯⎯⎯⎯⎯⎯⎯⎯⎯⎯⎯⎯⎯⎯⎯⎯⎯⎯⎯⎯⎯⎯⎯⎯⎯⎯⎯⎯⎯⎯⎯⎯⎯⎯⎯⎯⎯⎯⎯⎯⎯⎯⎯⎯⎯⎯⎯⎯⎯⎯⎯⎯⎯⎯⎯⎯⎯⎯⎯⎯⎯⎯⎯⎯⎯⎯⎯⎯⎯⎯⎯⎯⎯⎯⎯⎯⎯⎯⎯⎯⎯⎯⎯⎯⎯⎯⎯⎯⎯⎯
Serialized Error: { code: &apos;ERR_REQUIRE_ESM&apos; }
            </failure>
        </testcase>
    </testsuite>
    <testsuite name="tests/webSocketService.test.cjs" timestamp="2026-05-02T07:13:01.956Z" hostname="peters-mbp.lan" tests="1" failures="1" errors="0" skipped="0" time="0">
        <testcase classname="tests/webSocketService.test.cjs" name="tests/webSocketService.test.cjs" time="0">
            <failure message="require() of ES Module /Volumes/SanDisk/repos/liferay-ai-commerce-accelerator/node_modules/rettime/build/index.mjs not supported.
Instead change the require of /Volumes/SanDisk/repos/liferay-ai-commerce-accelerator/node_modules/rettime/build/index.mjs to a dynamic import() which is available in all CommonJS modules." type="Error">
Error: require() of ES Module /Volumes/SanDisk/repos/liferay-ai-commerce-accelerator/node_modules/rettime/build/index.mjs not supported.
Instead change the require of /Volumes/SanDisk/repos/liferay-ai-commerce-accelerator/node_modules/rettime/build/index.mjs to a dynamic import() which is available in all CommonJS modules.
 ❯ Object.&lt;anonymous&gt; ../../node_modules/msw/src/core/experimental/define-network.ts:2:46

⎯⎯⎯⎯⎯⎯⎯⎯⎯⎯⎯⎯⎯⎯⎯⎯⎯⎯⎯⎯⎯⎯⎯⎯⎯⎯⎯⎯⎯⎯⎯⎯⎯⎯⎯⎯⎯⎯⎯⎯⎯⎯⎯⎯⎯⎯⎯⎯⎯⎯⎯⎯⎯⎯⎯⎯⎯⎯⎯⎯⎯⎯⎯⎯⎯⎯⎯⎯⎯⎯⎯⎯⎯⎯⎯⎯⎯⎯⎯⎯⎯⎯⎯⎯⎯⎯⎯⎯⎯⎯⎯⎯⎯⎯⎯⎯⎯⎯⎯⎯⎯⎯⎯⎯⎯⎯⎯⎯⎯⎯⎯⎯⎯⎯⎯⎯⎯⎯⎯⎯⎯⎯⎯⎯⎯⎯⎯⎯⎯⎯⎯⎯⎯⎯⎯⎯⎯⎯⎯⎯⎯⎯⎯⎯⎯⎯⎯⎯⎯⎯⎯⎯⎯⎯⎯⎯⎯⎯⎯⎯⎯⎯⎯⎯⎯⎯⎯⎯⎯⎯⎯⎯
Serialized Error: { code: &apos;ERR_REQUIRE_ESM&apos; }
            </failure>
        </testcase>
    </testsuite>
    <testsuite name="tests/workflowCoordinator.test.cjs" timestamp="2026-05-02T07:13:01.957Z" hostname="peters-mbp.lan" tests="1" failures="1" errors="0" skipped="0" time="0">
        <testcase classname="tests/workflowCoordinator.test.cjs" name="tests/workflowCoordinator.test.cjs" time="0">
            <failure message="require() of ES Module /Volumes/SanDisk/repos/liferay-ai-commerce-accelerator/node_modules/rettime/build/index.mjs not supported.
Instead change the require of /Volumes/SanDisk/repos/liferay-ai-commerce-accelerator/node_modules/rettime/build/index.mjs to a dynamic import() which is available in all CommonJS modules." type="Error">
Error: require() of ES Module /Volumes/SanDisk/repos/liferay-ai-commerce-accelerator/node_modules/rettime/build/index.mjs not supported.
Instead change the require of /Volumes/SanDisk/repos/liferay-ai-commerce-accelerator/node_modules/rettime/build/index.mjs to a dynamic import() which is available in all CommonJS modules.
 ❯ Object.&lt;anonymous&gt; ../../node_modules/msw/src/core/experimental/define-network.ts:2:46

⎯⎯⎯⎯⎯⎯⎯⎯⎯⎯⎯⎯⎯⎯⎯⎯⎯⎯⎯⎯⎯⎯⎯⎯⎯⎯⎯⎯⎯⎯⎯⎯⎯⎯⎯⎯⎯⎯⎯⎯⎯⎯⎯⎯⎯⎯⎯⎯⎯⎯⎯⎯⎯⎯⎯⎯⎯⎯⎯⎯⎯⎯⎯⎯⎯⎯⎯⎯⎯⎯⎯⎯⎯⎯⎯⎯⎯⎯⎯⎯⎯⎯⎯⎯⎯⎯⎯⎯⎯⎯⎯⎯⎯⎯⎯⎯⎯⎯⎯⎯⎯⎯⎯⎯⎯⎯⎯⎯⎯⎯⎯⎯⎯⎯⎯⎯⎯⎯⎯⎯⎯⎯⎯⎯⎯⎯⎯⎯⎯⎯⎯⎯⎯⎯⎯⎯⎯⎯⎯⎯⎯⎯⎯⎯⎯⎯⎯⎯⎯⎯⎯⎯⎯⎯⎯⎯⎯⎯⎯⎯⎯⎯⎯⎯⎯⎯⎯⎯⎯⎯⎯⎯
Serialized Error: { code: &apos;ERR_REQUIRE_ESM&apos; }
            </failure>
        </testcase>
    </testsuite>
</testsuites>
