<?xml version="1.0" encoding="UTF-8" ?>
<testsuites name="vitest tests" tests="75" failures="0" errors="0" time="1.955005125">
    <testsuite name="tests/accountGenerator.test.cjs" timestamp="2026-05-02T10:11:15.379Z" hostname="peters-mbp.lan" tests="4" failures="0" errors="0" skipped="0" time="0.32456125">
        <testcase classname="tests/accountGenerator.test.cjs" name="AccountGenerator &gt; should start account generation workflow" time="0.109646459">
        </testcase>
        <testcase classname="tests/accountGenerator.test.cjs" name="AccountGenerator &gt; should run load countries step" time="0.107530833">
        </testcase>
        <testcase classname="tests/accountGenerator.test.cjs" name="AccountGenerator &gt; should run data generation step" time="0.102362166">
        </testcase>
        <testcase classname="tests/accountGenerator.test.cjs" name="AccountGenerator &gt; should match country correctly in _generateAddress" time="0.0016675">
        </testcase>
    </testsuite>
    <testsuite name="tests/aiService.test.cjs" timestamp="2026-05-02T10:11:15.380Z" hostname="peters-mbp.lan" tests="4" failures="0" errors="0" skipped="0" time="0.008473041">
        <testcase classname="tests/aiService.test.cjs" name="AIService (Multi-Provider) &gt; should resolve different providers for text and media" time="0.003742">
        </testcase>
        <testcase classname="tests/aiService.test.cjs" name="AIService (Multi-Provider) &gt; should use media credentials for image generation" time="0.0006925">
        </testcase>
        <testcase classname="tests/aiService.test.cjs" name="AIService (Multi-Provider) &gt; should fallback to core key if media key is missing" time="0.000430625">
        </testcase>
        <testcase classname="tests/aiService.test.cjs" name="AIService (Multi-Provider) &gt; should support Gemini provider for text" time="0.000381333">
        </testcase>
    </testsuite>
    <testsuite name="tests/cacheService.test.cjs" timestamp="2026-05-02T10:11:15.381Z" hostname="peters-mbp.lan" tests="6" failures="0" errors="0" skipped="0" time="0.006358709">
        <testcase classname="tests/cacheService.test.cjs" name="CacheService &gt; should set and get a value" time="0.001597084">
        </testcase>
        <testcase classname="tests/cacheService.test.cjs" name="CacheService &gt; should return null for expired entries (manual mock)" time="0.000358333">
        </testcase>
        <testcase classname="tests/cacheService.test.cjs" name="CacheService &gt; should delete entries" time="0.000186209">
        </testcase>
        <testcase classname="tests/cacheService.test.cjs" name="CacheService &gt; should evict oldest entries when limit reached" time="0.00024125">
        </testcase>
        <testcase classname="tests/cacheService.test.cjs" name="CacheService &gt; should use the remember pattern" time="0.000333375">
        </testcase>
        <testcase classname="tests/cacheService.test.cjs" name="CacheService &gt; should return stats" time="0.000268333">
        </testcase>
    </testsuite>
    <testsuite name="tests/contractValidator.test.cjs" timestamp="2026-05-02T10:11:15.382Z" hostname="peters-mbp.lan" tests="2" failures="0" errors="0" skipped="0" time="0.232406541">
        <testcase classname="tests/contractValidator.test.cjs" name="ContractValidator &gt; should validate a correct product payload" time="0.135097125">
        </testcase>
        <testcase classname="tests/contractValidator.test.cjs" name="ContractValidator &gt; should fail if field type is incorrect" time="0.094138625">
        </testcase>
    </testsuite>
    <testsuite name="tests/deleteCoordinatorService.test.cjs" timestamp="2026-05-02T10:11:15.382Z" hostname="peters-mbp.lan" tests="3" failures="0" errors="0" skipped="0" time="0.234575542">
        <testcase classname="tests/deleteCoordinatorService.test.cjs" name="DeleteCoordinatorService &gt; should start full deletion workflow" time="0.005114833">
        </testcase>
        <testcase classname="tests/deleteCoordinatorService.test.cjs" name="DeleteCoordinatorService &gt; should run discovery step" time="0.105585916">
            <system-out>
[DISCOVERY] &gt;&gt;&gt; Phase started for session: delete-test-session

            </system-out>
        </testcase>
        <testcase classname="tests/deleteCoordinatorService.test.cjs" name="DeleteCoordinatorService &gt; should handle order deletion step" time="0.120921958">
        </testcase>
    </testsuite>
    <testsuite name="tests/generation.test.cjs" timestamp="2026-05-02T10:11:15.383Z" hostname="peters-mbp.lan" tests="4" failures="0" errors="0" skipped="0" time="0.0092895">
        <testcase classname="tests/generation.test.cjs" name="Data Generation Reliability &gt; Product Generation &gt; should generate valid simple products" time="0.003883083">
        </testcase>
        <testcase classname="tests/generation.test.cjs" name="Data Generation Reliability &gt; Product Generation &gt; should generate valid products with variants" time="0.00050875">
        </testcase>
        <testcase classname="tests/generation.test.cjs" name="Data Generation Reliability &gt; Account Generation &gt; should generate valid accounts" time="0.001144417">
        </testcase>
        <testcase classname="tests/generation.test.cjs" name="Data Generation Reliability &gt; Warehouse Generation &gt; should generate valid warehouses" time="0.000578375">
        </testcase>
    </testsuite>
    <testsuite name="tests/healthService.test.cjs" timestamp="2026-05-02T10:11:15.383Z" hostname="peters-mbp.lan" tests="4" failures="0" errors="0" skipped="0" time="0.009153125">
        <testcase classname="tests/healthService.test.cjs" name="HealthService &gt; should register default health checks" time="0.001338">
        </testcase>
        <testcase classname="tests/healthService.test.cjs" name="HealthService &gt; should return system info" time="0.004010625">
        </testcase>
        <testcase classname="tests/healthService.test.cjs" name="HealthService &gt; should run all health checks and return a healthy status" time="0.000650167">
        </testcase>
        <testcase classname="tests/healthService.test.cjs" name="HealthService &gt; should return unhealthy if memory check fails" time="0.000180833">
        </testcase>
    </testsuite>
    <testsuite name="tests/liferayService.test.cjs" timestamp="2026-05-02T10:11:15.384Z" hostname="peters-mbp.lan" tests="7" failures="0" errors="0" skipped="0" time="0.532566792">
        <testcase classname="tests/liferayService.test.cjs" name="LiferayService &gt; should fetch products using the mocked Liferay API" time="0.2104165">
        </testcase>
        <testcase classname="tests/liferayService.test.cjs" name="LiferayService &gt; should fetch accounts using the mocked Liferay API" time="0.038577458">
        </testcase>
        <testcase classname="tests/liferayService.test.cjs" name="LiferayService &gt; should fetch orders using the mocked Liferay API" time="0.044873375">
        </testcase>
        <testcase classname="tests/liferayService.test.cjs" name="LiferayService &gt; should fetch price lists using the mocked Liferay API" time="0.048331958">
        </testcase>
        <testcase classname="tests/liferayService.test.cjs" name="LiferayService &gt; should fetch warehouses using the mocked Liferay API" time="0.049411916">
        </testcase>
        <testcase classname="tests/liferayService.test.cjs" name="LiferayService &gt; should fetch batch status using the mocked Liferay API" time="0.054313541">
        </testcase>
        <testcase classname="tests/liferayService.test.cjs" name="LiferayService &gt; should fail to create products batch if contract is violated" time="0.08349825">
        </testcase>
    </testsuite>
    <testsuite name="tests/orchestrationSafety.test.cjs" timestamp="2026-05-02T10:11:15.385Z" hostname="peters-mbp.lan" tests="3" failures="0" errors="0" skipped="0" time="0.109921709">
        <testcase classname="tests/orchestrationSafety.test.cjs" name="Orchestration Safety (Ghost Step Protection) &gt; should throw a FATAL ERROR if a step handler is missing" time="0.002729625">
        </testcase>
        <testcase classname="tests/orchestrationSafety.test.cjs" name="Orchestration Safety (Ghost Step Protection) &gt; should allow structural steps (parallel/sequence) without handlers" time="0.00038075">
        </testcase>
        <testcase classname="tests/orchestrationSafety.test.cjs" name="Orchestration Safety (Ghost Step Protection) &gt; should correctly mark a synchronous step as complete via completeSyncStep" time="0.103162">
        </testcase>
    </testsuite>
    <testsuite name="tests/orderGenerator.test.cjs" timestamp="2026-05-02T10:11:15.385Z" hostname="peters-mbp.lan" tests="4" failures="0" errors="0" skipped="0" time="0.271085416">
        <testcase classname="tests/orderGenerator.test.cjs" name="OrderGenerator &gt; should start order generation workflow" time="0.005986667">
        </testcase>
        <testcase classname="tests/orderGenerator.test.cjs" name="OrderGenerator &gt; should run order data generation step" time="0.12066475">
        </testcase>
        <testcase classname="tests/orderGenerator.test.cjs" name="OrderGenerator &gt; should handle order creation step (batch mode)" time="0.017808041">
        </testcase>
        <testcase classname="tests/orderGenerator.test.cjs" name="OrderGenerator &gt; should handle order creation step (individual mode)" time="0.116761166">
        </testcase>
    </testsuite>
    <testsuite name="tests/payloadCleaner.test.cjs" timestamp="2026-05-02T10:11:15.386Z" hostname="peters-mbp.lan" tests="7" failures="0" errors="0" skipped="0" time="0.008284875">
        <testcase classname="tests/payloadCleaner.test.cjs" name="Payload Cleaner (Strict ID Guard) &gt; should remove the root &quot;id&quot; field regardless of value" time="0.001819375">
        </testcase>
        <testcase classname="tests/payloadCleaner.test.cjs" name="Payload Cleaner (Strict ID Guard) &gt; should remove specialized IDs if they are 0 or null" time="0.000399125">
        </testcase>
        <testcase classname="tests/payloadCleaner.test.cjs" name="Payload Cleaner (Strict ID Guard) &gt; should remove IDs within the known Mock/Ghost ranges" time="0.000209417">
        </testcase>
        <testcase classname="tests/payloadCleaner.test.cjs" name="Payload Cleaner (Strict ID Guard) &gt; should PRESERVE resolved IDs outside of mock ranges" time="0.000153458">
        </testcase>
        <testcase classname="tests/payloadCleaner.test.cjs" name="Payload Cleaner (Strict ID Guard) &gt; should recursively clean nested objects" time="0.000146916">
        </testcase>
        <testcase classname="tests/payloadCleaner.test.cjs" name="Payload Cleaner (Strict ID Guard) &gt; should remove the parent key if the nested object becomes empty after cleaning" time="0.000107375">
        </testcase>
        <testcase classname="tests/payloadCleaner.test.cjs" name="Payload Cleaner (Strict ID Guard) &gt; should handle arrays correctly" time="0.000626541">
        </testcase>
    </testsuite>
    <testsuite name="tests/persistenceService.test.cjs" timestamp="2026-05-02T10:11:15.386Z" hostname="peters-mbp.lan" tests="7" failures="0" errors="0" skipped="0" time="0.02534525">
        <testcase classname="tests/persistenceService.test.cjs" name="PersistenceService &gt; should initialize the schema correctly" time="0.014354291">
        </testcase>
        <testcase classname="tests/persistenceService.test.cjs" name="PersistenceService &gt; should retrieve a session by ID" time="0.001230417">
        </testcase>
        <testcase classname="tests/persistenceService.test.cjs" name="PersistenceService &gt; should update session status" time="0.000675">
        </testcase>
        <testcase classname="tests/persistenceService.test.cjs" name="PersistenceService &gt; should create and retrieve batches for a session" time="0.001126708">
        </testcase>
        <testcase classname="tests/persistenceService.test.cjs" name="PersistenceService &gt; should update batch details" time="0.000567166">
        </testcase>
        <testcase classname="tests/persistenceService.test.cjs" name="PersistenceService &gt; should verify dependency readiness" time="0.000512875">
        </testcase>
        <testcase classname="tests/persistenceService.test.cjs" name="PersistenceService &gt; should log workflow events" time="0.000542125">
        </testcase>
    </testsuite>
    <testsuite name="tests/productGenerator.test.cjs" timestamp="2026-05-02T10:11:15.387Z" hostname="peters-mbp.lan" tests="3" failures="0" errors="0" skipped="0" time="0.133968792">
        <testcase classname="tests/productGenerator.test.cjs" name="ProductGenerator &gt; should start product generation workflow" time="0.017788708">
        </testcase>
        <testcase classname="tests/productGenerator.test.cjs" name="ProductGenerator &gt; should run product data generation step" time="0.11036325">
        </testcase>
        <testcase classname="tests/productGenerator.test.cjs" name="ProductGenerator &gt; should handle product creation step" time="0.002044083">
        </testcase>
    </testsuite>
    <testsuite name="tests/resilience.test.cjs" timestamp="2026-05-02T10:11:15.387Z" hostname="peters-mbp.lan" tests="2" failures="0" errors="0" skipped="2" time="0">
        <testcase classname="tests/resilience.test.cjs" name="Resilience &amp; Retry &gt; should retry on transient failures and eventually succeed" time="0">
            <skipped/>
        </testcase>
        <testcase classname="tests/resilience.test.cjs" name="Resilience &amp; Retry &gt; should fail after maximum retries" time="0">
            <skipped/>
        </testcase>
    </testsuite>
    <testsuite name="tests/schemaAlignment.test.cjs" timestamp="2026-05-02T10:11:15.388Z" hostname="peters-mbp.lan" tests="6" failures="0" errors="0" skipped="0" time="0.021026542">
        <testcase classname="tests/schemaAlignment.test.cjs" name="Schema Alignment (Drift Detection) &gt; should align account.json with the corresponding Liferay API contract" time="0.004922041">
        </testcase>
        <testcase classname="tests/schemaAlignment.test.cjs" name="Schema Alignment (Drift Detection) &gt; should align order.json with the corresponding Liferay API contract" time="0.001490208">
        </testcase>
        <testcase classname="tests/schemaAlignment.test.cjs" name="Schema Alignment (Drift Detection) &gt; should align pdf.json with the corresponding Liferay API contract" time="0.002508958">
        </testcase>
        <testcase classname="tests/schemaAlignment.test.cjs" name="Schema Alignment (Drift Detection) &gt; should align pricing.json with the corresponding Liferay API contract" time="0.001246125">
        </testcase>
        <testcase classname="tests/schemaAlignment.test.cjs" name="Schema Alignment (Drift Detection) &gt; should align product.json with the corresponding Liferay API contract" time="0.003726458">
        </testcase>
        <testcase classname="tests/schemaAlignment.test.cjs" name="Schema Alignment (Drift Detection) &gt; should align warehouse.json with the corresponding Liferay API contract" time="0.001830333">
        </testcase>
    </testsuite>
    <testsuite name="tests/security.test.cjs" timestamp="2026-05-02T10:11:15.388Z" hostname="peters-mbp.lan" tests="3" failures="0" errors="0" skipped="0" time="0.008815875">
        <testcase classname="tests/security.test.cjs" name="Security Middleware - SQL Injection &gt; should allow legitimate batch operation codes in callback path" time="0.002461667">
        </testcase>
        <testcase classname="tests/security.test.cjs" name="Security Middleware - SQL Injection &gt; should still block actual SQL keywords in other fields" time="0.00171">
        </testcase>
        <testcase classname="tests/security.test.cjs" name="Security Middleware - SQL Injection &gt; should block SQL keywords in opCode if path is not callback" time="0.001471208">
        </testcase>
    </testsuite>
    <testsuite name="tests/serviceParity.test.cjs" timestamp="2026-05-02T10:11:15.389Z" hostname="peters-mbp.lan" tests="1" failures="0" errors="0" skipped="0" time="0.005281916">
        <testcase classname="tests/serviceParity.test.cjs" name="LiferayService Parity &gt; should ensure all public methods in LiferayService bridge to existing implementation methods" time="0.00244">
        </testcase>
    </testsuite>
    <testsuite name="tests/webSocketService.test.cjs" timestamp="2026-05-02T10:11:15.389Z" hostname="peters-mbp.lan" tests="3" failures="0" errors="0" skipped="0" time="0.006343">
        <testcase classname="tests/webSocketService.test.cjs" name="WebSocketService &gt; should initialize correctly" time="0.002423167">
        </testcase>
        <testcase classname="tests/webSocketService.test.cjs" name="WebSocketService &gt; should handle broadcast" time="0.000386916">
        </testcase>
        <testcase classname="tests/webSocketService.test.cjs" name="WebSocketService &gt; should close correctly" time="0.000245583">
        </testcase>
    </testsuite>
    <testsuite name="tests/workflowCoordinator.test.cjs" timestamp="2026-05-02T10:11:15.389Z" hostname="peters-mbp.lan" tests="2" failures="0" errors="0" skipped="0" time="0.00754725">
        <testcase classname="tests/workflowCoordinator.test.cjs" name="WorkflowCoordinator &gt; should delegate step to correct generator" time="0.001779875">
        </testcase>
        <testcase classname="tests/workflowCoordinator.test.cjs" name="WorkflowCoordinator &gt; should throw a FATAL ERROR if no handler found in any generator" time="0.002309292">
        </testcase>
    </testsuite>
</testsuites>
